[INFO] Scanning for projects...
[INFO]                                                                         
[INFO] ------------------------------------------------------------------------
[INFO] Building MavenTestng 0.0.1-SNAPSHOT
[INFO] ------------------------------------------------------------------------
[INFO] 
[INFO] --- maven-resources-plugin:2.6:resources (default-resources) @ MavenTestng ---
[INFO] Using 'UTF-8' encoding to copy filtered resources.
[INFO] skip non existing resourceDirectory D:\Workspace\MavenTestng\src\main\resources
[INFO] 
[INFO] --- maven-compiler-plugin:2.3.2:compile (default-compile) @ MavenTestng ---
[INFO] Compiling 5 source files to D:\Workspace\MavenTestng\target\classes
[INFO] 
[INFO] --- maven-resources-plugin:2.6:testResources (default-testResources) @ MavenTestng ---
[INFO] Using 'UTF-8' encoding to copy filtered resources.
[INFO] Copying 1 resource
[INFO] 
[INFO] --- maven-compiler-plugin:2.3.2:testCompile (default-testCompile) @ MavenTestng ---
[INFO] Compiling 4 source files to D:\Workspace\MavenTestng\target\test-classes
[INFO] 
[INFO] --- maven-surefire-plugin:2.12:test (default-test) @ MavenTestng ---
[INFO] Tests are skipped.
[INFO] 
[INFO] --- maven-jar-plugin:2.4:jar (default-jar) @ MavenTestng ---
[INFO] Building jar: D:\Workspace\MavenTestng\target\MavenTestng-0.0.1-SNAPSHOT.jar
[INFO] 
[INFO] --- maven-failsafe-plugin:2.12:integration-test (default) @ MavenTestng ---
[INFO] Failsafe report directory: D:\Workspace\MavenTestng\target\failsafe-reports

-------------------------------------------------------
 T E S T S
-------------------------------------------------------
Running StepDef.TestRunnerClass
Configuring TestNG with: org.apache.maven.surefire.testng.conf.TestNGMapConfigurator@7b0070
Step 2
Starting ChromeDriver 2.42.591088 (7b2b2dca23cca0862f674758c9a3933e685c27d5) on port 23947
Only local connections are allowed.
[1541007421.290][WARNING]: Timed out connecting to Chrome, retrying...
Oct 31, 2018 11:07:04 PM org.openqa.selenium.remote.ProtocolHandshake createSession
INFO: Detected dialect: OSS
Step 3
Step 1
Step 6
Step 4
Step 5
Step 7

[31mFailed scenarios:[0m
[31msrc/test/resources/Example.feature:4 [0m# Customer_flight_booking_Customer books a flight for one-way

1 Scenarios ([31m1 failed[0m)
3 Steps ([31m1 failed[0m, [32m2 passed[0m)
0m19.296s

org.openqa.selenium.NoSuchElementException: no such element: Unable to locate element: {"method":"xpath","selector":"//b[text()='Oct 28, 2018']"}
  (Session info: chrome=70.0.3538.77)
  (Driver info: chromedriver=2.42.591088 (7b2b2dca23cca0862f674758c9a3933e685c27d5),platform=Windows NT 6.1.7601 SP1 x86) (WARNING: The server did not provide any stacktrace information)
Command duration or timeout: 153 milliseconds
For documentation on this error, please visit: http://seleniumhq.org/exceptions/no_such_element.html
Build info: version: '3.1.0', revision: 'b94c902', time: '2017-02-16 12:21:31 -0800'
System info: host: 'GALAXY-PC', ip: '192.168.0.102', os.name: 'Windows 7', os.arch: 'x86', os.version: '6.1', java.version: '1.8.0_191'
Driver info: org.openqa.selenium.chrome.ChromeDriver
Capabilities [{mobileEmulationEnabled=false, hasTouchScreen=false, platform=XP, acceptSslCerts=false, goog:chromeOptions={debuggerAddress=localhost:49504}, acceptInsecureCerts=false, webStorageEnabled=true, browserName=chrome, takesScreenshot=true, javascriptEnabled=true, setWindowRect=true, unexpectedAlertBehaviour=, applicationCacheEnabled=false, rotatable=false, networkConnectionEnabled=false, chrome={chromedriverVersion=2.42.591088 (7b2b2dca23cca0862f674758c9a3933e685c27d5), userDataDir=C:\Users\galaxy\AppData\Local\Temp\scoped_dir2492_32385}, takesHeapSnapshot=true, pageLoadStrategy=normal, databaseEnabled=false, handlesAlerts=true, version=70.0.3538.77, browserConnectionEnabled=false, nativeEvents=true, locationContextEnabled=true, cssSelectorsEnabled=true}]
Session ID: c4c47c04a0bfafacc2152ef48161502a
*** Element info: {Using=xpath, value=//b[text()='Oct 28, 2018']}
	at sun.reflect.NativeConstructorAccessorImpl.newInstance0(Native Method)
	at sun.reflect.NativeConstructorAccessorImpl.newInstance(NativeConstructorAccessorImpl.java:62)
	at sun.reflect.DelegatingConstructorAccessorImpl.newInstance(DelegatingConstructorAccessorImpl.java:45)
	at java.lang.reflect.Constructor.newInstance(Constructor.java:423)
	at org.openqa.selenium.remote.ErrorHandler.createThrowable(ErrorHandler.java:216)
	at org.openqa.selenium.remote.ErrorHandler.throwIfResponseFailed(ErrorHandler.java:168)
	at org.openqa.selenium.remote.RemoteWebDriver.execute(RemoteWebDriver.java:635)
	at org.openqa.selenium.remote.RemoteWebDriver.findElement(RemoteWebDriver.java:368)
	at org.openqa.selenium.remote.RemoteWebDriver.findElementByXPath(RemoteWebDriver.java:473)
	at org.openqa.selenium.By$ByXPath.findElement(By.java:361)
	at org.openqa.selenium.remote.RemoteWebDriver.findElement(RemoteWebDriver.java:360)
	at org.openqa.selenium.support.pagefactory.DefaultElementLocator.findElement(DefaultElementLocator.java:69)
	at org.openqa.selenium.support.pagefactory.internal.LocatingElementHandler.invoke(LocatingElementHandler.java:38)
	at com.sun.proxy.$Proxy12.isDisplayed(Unknown Source)
	at PageObjects.HomePage.visibility(HomePage.java:42)
	at StepDef.RegisterPageStepDef.register(RegisterPageStepDef.java:26)
	at ?.Select the Register link to register and fill the details(src/test/resources/Example.feature:8)

Tests run: 1, Failures: 1, Errors: 0, Skipped: 0, Time elapsed: 22.72 sec <<< FAILURE!

Results :

Failed tests:   runScenario(StepDef.TestRunnerClass): no such element: Unable to locate element: {"method":"xpath","selector":"//b[text()='Oct 28, 2018']"}(..)

Tests run: 1, Failures: 1, Errors: 0, Skipped: 0

[WARNING] File encoding has not been set, using platform encoding Cp1252, i.e. build is platform dependent!
[INFO] 
[INFO] --- maven-thucydides-plugin:0.9.260:aggregate (thucydides-reports) @ MavenTestng ---
[INFO] Reading requirements from net.thucydides.core.requirements.FileSystemRequirementsTagProvider@10bbd5d
[INFO] Reading requirements from net.thucydides.core.requirements.PackageAnnotationBasedTagProvider@1c3e363
[INFO] Requirements found:[]
[INFO] Generating release reports for: []
[INFO] 
[INFO] --- maven-failsafe-plugin:2.12:verify (default) @ MavenTestng ---
[INFO] Failsafe report directory: D:\Workspace\MavenTestng\target\failsafe-reports
[WARNING] File encoding has not been set, using platform encoding Cp1252, i.e. build is platform dependent!
[INFO] ------------------------------------------------------------------------
[INFO] BUILD FAILURE
[INFO] ------------------------------------------------------------------------
[INFO] Total time: 52.646 s
[INFO] Finished at: 2018-10-31T23:07:28+05:30
[INFO] Final Memory: 17M/68M
[INFO] ------------------------------------------------------------------------
[ERROR] Failed to execute goal org.apache.maven.plugins:maven-failsafe-plugin:2.12:verify (default) on project MavenTestng: There are test failures.
[ERROR] 
[ERROR] Please refer to D:\Workspace\MavenTestng\target\failsafe-reports for the individual test results.
[ERROR] -> [Help 1]
[ERROR] 
[ERROR] To see the full stack trace of the errors, re-run Maven with the -e switch.
[ERROR] Re-run Maven using the -X switch to enable full debug logging.
[ERROR] 
[ERROR] For more information about the errors and possible solutions, please read the following articles:
[ERROR] [Help 1] http://cwiki.apache.org/confluence/display/MAVEN/MojoFailureException
